<?xml version="1.0" encoding="UTF-8"?>
<!-- Generated by org.testng.reporters.JUnitReportReporter -->
<testsuite hostname="LAPTOP-EQBD8BES" failures="0" tests="1" name="com.entrata.testcases.BaseCampTest" time="19.281" errors="0" timestamp="2024-02-27T13:59:46 IST" skipped="0">
  <testcase classname="com.entrata.testcases.BaseCampTest" name="baseCampTest" time="19.281"/>
  <system-out/>
</testsuite> <!-- com.entrata.testcases.BaseCampTest -->
