<?xml version="1.0" encoding="UTF-8"?>
<!-- Generated by org.testng.reporters.JUnitReportReporter -->
<testsuite hostname="LAPTOP-EQBD8BES" failures="0" tests="1" name="com.entrata.testcases.SignInPageFooterTest" time="18.670" errors="0" timestamp="2024-02-27T12:37:57 IST" skipped="0">
  <testcase classname="com.entrata.testcases.SignInPageFooterTest" name="signInPageFooterTest" time="18.670"/>
  <system-out/>
</testsuite> <!-- com.entrata.testcases.SignInPageFooterTest -->
