<?xml version="1.0" encoding="UTF-8"?>
<!-- Generated by org.testng.reporters.JUnitReportReporter -->
<testsuite hostname="LAPTOP-EQBD8BES" failures="0" tests="1" name="com.entrata.testcases.Home_HeaderOptionsTest" time="14.415" errors="0" timestamp="2024-02-27T13:59:46 IST" skipped="0">
  <testcase classname="com.entrata.testcases.Home_HeaderOptionsTest" name="home_HeaderOptionsTest" time="14.415"/>
  <system-out/>
</testsuite> <!-- com.entrata.testcases.Home_HeaderOptionsTest -->
