<?xml version="1.0" encoding="UTF-8"?>
<!-- Generated by org.testng.reporters.JUnitReportReporter -->
<testsuite hostname="LAPTOP-EQBD8BES" failures="0" tests="1" name="com.entrata.testcases.BaseCampTest" time="24.898" errors="0" timestamp="2024-02-27T18:04:00 IST" skipped="0">
  <testcase classname="com.entrata.testcases.BaseCampTest" name="baseCampTest" time="24.898"/>
  <system-out/>
</testsuite> <!-- com.entrata.testcases.BaseCampTest -->
