<?xml version="1.0" encoding="UTF-8"?>
<!-- Generated by org.testng.reporters.JUnitReportReporter -->
<testsuite skipped="0" hostname="LAPTOP-EQBD8BES" name="com.entrata.testcases.EmptyFormSubmittionTest" tests="1" failures="0" timestamp="2024-02-27T14:03:06 IST" time="18.041" errors="0">
  <testcase name="emptyFormSubmittionTest" time="18.041" classname="com.entrata.testcases.EmptyFormSubmittionTest"/>
  <system-out/>
</testsuite> <!-- com.entrata.testcases.EmptyFormSubmittionTest -->
