<?xml version="1.0" encoding="UTF-8"?>
<!-- Generated by org.testng.reporters.JUnitReportReporter -->
<testsuite skipped="0" hostname="LAPTOP-EQBD8BES" name="com.entrata.testcases.Home_HeaderOptionsTest" tests="1" failures="0" timestamp="2024-02-27T14:03:06 IST" time="15.592" errors="0">
  <testcase name="home_HeaderOptionsTest" time="15.592" classname="com.entrata.testcases.Home_HeaderOptionsTest"/>
  <system-out/>
</testsuite> <!-- com.entrata.testcases.Home_HeaderOptionsTest -->
