<?xml version="1.0" encoding="UTF-8"?>
<!-- Generated by org.testng.reporters.JUnitReportReporter -->
<testsuite skipped="0" hostname="LAPTOP-EQBD8BES" name="com.entrata.testcases.BaseCampTest" tests="1" failures="0" timestamp="2024-02-27T14:03:06 IST" time="21.182" errors="0">
  <testcase name="baseCampTest" time="21.182" classname="com.entrata.testcases.BaseCampTest"/>
  <system-out/>
</testsuite> <!-- com.entrata.testcases.BaseCampTest -->
