<?xml version="1.0" encoding="UTF-8"?>
<!-- Generated by org.testng.reporters.JUnitReportReporter -->
<testsuite hostname="PushkarM" failures="0" tests="1" name="com.entrata.testcases.SignInPageFooterTest" time="18.135" errors="0" timestamp="2024-02-27T11:23:48 IST" skipped="0">
  <testcase classname="com.entrata.testcases.SignInPageFooterTest" name="signInPageFooterTest" time="18.135"/>
  <system-out/>
</testsuite> <!-- com.entrata.testcases.SignInPageFooterTest -->
